{"timestamp":"2026-03-11T16:12:05.076075","level":"info","event":"Filling up the DagBag from /opt/airflow/dags/postgre_to_minio.py","logger":"airflow.models.dagbag.DagBag"}
{"timestamp":"2026-03-11T16:12:08.240877","level":"error","event":"Failed to import: /opt/airflow/dags/postgre_to_minio.py","logger":"airflow.models.dagbag.DagBag","error_detail":[{"exc_type":"TypeError","exc_value":"partial() missing 1 required keyword-only argument: 'task_id'","exc_notes":[],"syntax_error":null,"is_cause":false,"frames":[{"filename":"/home/airflow/.local/lib/python3.11/site-packages/airflow/models/dagbag.py","lineno":382,"name":"parse"},{"filename":"<frozen importlib._bootstrap_external>","lineno":940,"name":"exec_module"},{"filename":"<frozen importlib._bootstrap>","lineno":241,"name":"_call_with_frames_removed"},{"filename":"/opt/airflow/dags/postgre_to_minio.py","lineno":54,"name":"<module>"},{"filename":"/home/airflow/.local/lib/python3.11/site-packages/airflow/sdk/definitions/dag.py","lineno":1136,"name":"factory"},{"filename":"/opt/airflow/dags/postgre_to_minio.py","lineno":45,"name":"postgre_to_minio"}]}]}
{"timestamp":"2026-03-11T16:12:39.980464","level":"info","event":"Filling up the DagBag from /opt/airflow/dags/postgre_to_minio.py","logger":"airflow.models.dagbag.DagBag"}
{"timestamp":"2026-03-11T16:12:50.456765","level":"error","event":"Failed to import: /opt/airflow/dags/postgre_to_minio.py","logger":"airflow.models.dagbag.DagBag","error_detail":[{"exc_type":"TypeError","exc_value":"partial() missing 1 required keyword-only argument: 'task_id'","exc_notes":[],"syntax_error":null,"is_cause":false,"frames":[{"filename":"/home/airflow/.local/lib/python3.11/site-packages/airflow/models/dagbag.py","lineno":382,"name":"parse"},{"filename":"<frozen importlib._bootstrap_external>","lineno":940,"name":"exec_module"},{"filename":"<frozen importlib._bootstrap>","lineno":241,"name":"_call_with_frames_removed"},{"filename":"/opt/airflow/dags/postgre_to_minio.py","lineno":54,"name":"<module>"},{"filename":"/home/airflow/.local/lib/python3.11/site-packages/airflow/sdk/definitions/dag.py","lineno":1136,"name":"factory"},{"filename":"/opt/airflow/dags/postgre_to_minio.py","lineno":45,"name":"postgre_to_minio"}]}]}
{"timestamp":"2026-03-11T16:13:22.151043","level":"info","event":"Filling up the DagBag from /opt/airflow/dags/postgre_to_minio.py","logger":"airflow.models.dagbag.DagBag"}
{"timestamp":"2026-03-11T16:13:22.894631","level":"error","event":"Failed to import: /opt/airflow/dags/postgre_to_minio.py","logger":"airflow.models.dagbag.DagBag","error_detail":[{"exc_type":"TypeError","exc_value":"partial() missing 1 required keyword-only argument: 'task_id'","exc_notes":[],"syntax_error":null,"is_cause":false,"frames":[{"filename":"/home/airflow/.local/lib/python3.11/site-packages/airflow/models/dagbag.py","lineno":382,"name":"parse"},{"filename":"<frozen importlib._bootstrap_external>","lineno":940,"name":"exec_module"},{"filename":"<frozen importlib._bootstrap>","lineno":241,"name":"_call_with_frames_removed"},{"filename":"/opt/airflow/dags/postgre_to_minio.py","lineno":54,"name":"<module>"},{"filename":"/home/airflow/.local/lib/python3.11/site-packages/airflow/sdk/definitions/dag.py","lineno":1136,"name":"factory"},{"filename":"/opt/airflow/dags/postgre_to_minio.py","lineno":45,"name":"postgre_to_minio"}]}]}
{"timestamp":"2026-03-11T16:13:53.347442","level":"info","event":"Filling up the DagBag from /opt/airflow/dags/postgre_to_minio.py","logger":"airflow.models.dagbag.DagBag"}
{"timestamp":"2026-03-11T16:13:53.698476","level":"error","event":"Failed to import: /opt/airflow/dags/postgre_to_minio.py","logger":"airflow.models.dagbag.DagBag","error_detail":[{"exc_type":"TypeError","exc_value":"partial() missing 1 required keyword-only argument: 'task_id'","exc_notes":[],"syntax_error":null,"is_cause":false,"frames":[{"filename":"/home/airflow/.local/lib/python3.11/site-packages/airflow/models/dagbag.py","lineno":382,"name":"parse"},{"filename":"<frozen importlib._bootstrap_external>","lineno":940,"name":"exec_module"},{"filename":"<frozen importlib._bootstrap>","lineno":241,"name":"_call_with_frames_removed"},{"filename":"/opt/airflow/dags/postgre_to_minio.py","lineno":54,"name":"<module>"},{"filename":"/home/airflow/.local/lib/python3.11/site-packages/airflow/sdk/definitions/dag.py","lineno":1136,"name":"factory"},{"filename":"/opt/airflow/dags/postgre_to_minio.py","lineno":45,"name":"postgre_to_minio"}]}]}
{"timestamp":"2026-03-11T16:14:24.313069","level":"info","event":"Filling up the DagBag from /opt/airflow/dags/postgre_to_minio.py","logger":"airflow.models.dagbag.DagBag"}
{"timestamp":"2026-03-11T16:14:26.263904","level":"error","event":"Failed to import: /opt/airflow/dags/postgre_to_minio.py","logger":"airflow.models.dagbag.DagBag","error_detail":[{"exc_type":"TypeError","exc_value":"partial() missing 1 required keyword-only argument: 'task_id'","exc_notes":[],"syntax_error":null,"is_cause":false,"frames":[{"filename":"/home/airflow/.local/lib/python3.11/site-packages/airflow/models/dagbag.py","lineno":382,"name":"parse"},{"filename":"<frozen importlib._bootstrap_external>","lineno":940,"name":"exec_module"},{"filename":"<frozen importlib._bootstrap>","lineno":241,"name":"_call_with_frames_removed"},{"filename":"/opt/airflow/dags/postgre_to_minio.py","lineno":54,"name":"<module>"},{"filename":"/home/airflow/.local/lib/python3.11/site-packages/airflow/sdk/definitions/dag.py","lineno":1136,"name":"factory"},{"filename":"/opt/airflow/dags/postgre_to_minio.py","lineno":45,"name":"postgre_to_minio"}]}]}
{"timestamp":"2026-03-11T16:14:56.999909","level":"info","event":"Filling up the DagBag from /opt/airflow/dags/postgre_to_minio.py","logger":"airflow.models.dagbag.DagBag"}
{"timestamp":"2026-03-11T16:14:57.469356","level":"error","event":"Failed to import: /opt/airflow/dags/postgre_to_minio.py","logger":"airflow.models.dagbag.DagBag","error_detail":[{"exc_type":"TypeError","exc_value":"partial() missing 1 required keyword-only argument: 'task_id'","exc_notes":[],"syntax_error":null,"is_cause":false,"frames":[{"filename":"/home/airflow/.local/lib/python3.11/site-packages/airflow/models/dagbag.py","lineno":382,"name":"parse"},{"filename":"<frozen importlib._bootstrap_external>","lineno":940,"name":"exec_module"},{"filename":"<frozen importlib._bootstrap>","lineno":241,"name":"_call_with_frames_removed"},{"filename":"/opt/airflow/dags/postgre_to_minio.py","lineno":54,"name":"<module>"},{"filename":"/home/airflow/.local/lib/python3.11/site-packages/airflow/sdk/definitions/dag.py","lineno":1136,"name":"factory"},{"filename":"/opt/airflow/dags/postgre_to_minio.py","lineno":45,"name":"postgre_to_minio"}]}]}
{"timestamp":"2026-03-11T16:15:27.982361","level":"info","event":"Filling up the DagBag from /opt/airflow/dags/postgre_to_minio.py","logger":"airflow.models.dagbag.DagBag"}
{"timestamp":"2026-03-11T16:15:28.276801","level":"error","event":"Failed to import: /opt/airflow/dags/postgre_to_minio.py","logger":"airflow.models.dagbag.DagBag","error_detail":[{"exc_type":"TypeError","exc_value":"partial() missing 1 required keyword-only argument: 'task_id'","exc_notes":[],"syntax_error":null,"is_cause":false,"frames":[{"filename":"/home/airflow/.local/lib/python3.11/site-packages/airflow/models/dagbag.py","lineno":382,"name":"parse"},{"filename":"<frozen importlib._bootstrap_external>","lineno":940,"name":"exec_module"},{"filename":"<frozen importlib._bootstrap>","lineno":241,"name":"_call_with_frames_removed"},{"filename":"/opt/airflow/dags/postgre_to_minio.py","lineno":54,"name":"<module>"},{"filename":"/home/airflow/.local/lib/python3.11/site-packages/airflow/sdk/definitions/dag.py","lineno":1136,"name":"factory"},{"filename":"/opt/airflow/dags/postgre_to_minio.py","lineno":45,"name":"postgre_to_minio"}]}]}
{"timestamp":"2026-03-11T16:15:59.381705","level":"info","event":"Filling up the DagBag from /opt/airflow/dags/postgre_to_minio.py","logger":"airflow.models.dagbag.DagBag"}
{"timestamp":"2026-03-11T16:15:59.609280","level":"error","event":"Failed to import: /opt/airflow/dags/postgre_to_minio.py","logger":"airflow.models.dagbag.DagBag","error_detail":[{"exc_type":"TypeError","exc_value":"partial() missing 1 required keyword-only argument: 'task_id'","exc_notes":[],"syntax_error":null,"is_cause":false,"frames":[{"filename":"/home/airflow/.local/lib/python3.11/site-packages/airflow/models/dagbag.py","lineno":382,"name":"parse"},{"filename":"<frozen importlib._bootstrap_external>","lineno":940,"name":"exec_module"},{"filename":"<frozen importlib._bootstrap>","lineno":241,"name":"_call_with_frames_removed"},{"filename":"/opt/airflow/dags/postgre_to_minio.py","lineno":54,"name":"<module>"},{"filename":"/home/airflow/.local/lib/python3.11/site-packages/airflow/sdk/definitions/dag.py","lineno":1136,"name":"factory"},{"filename":"/opt/airflow/dags/postgre_to_minio.py","lineno":45,"name":"postgre_to_minio"}]}]}
{"timestamp":"2026-03-11T16:17:44.896168","level":"info","event":"Filling up the DagBag from /opt/airflow/dags/postgre_to_minio.py","logger":"airflow.models.dagbag.DagBag"}
{"timestamp":"2026-03-11T16:17:46.469046","level":"error","event":"Failed to import: /opt/airflow/dags/postgre_to_minio.py","logger":"airflow.models.dagbag.DagBag","error_detail":[{"exc_type":"TypeError","exc_value":"partial() missing 1 required keyword-only argument: 'task_id'","exc_notes":[],"syntax_error":null,"is_cause":false,"frames":[{"filename":"/home/airflow/.local/lib/python3.11/site-packages/airflow/models/dagbag.py","lineno":382,"name":"parse"},{"filename":"<frozen importlib._bootstrap_external>","lineno":940,"name":"exec_module"},{"filename":"<frozen importlib._bootstrap>","lineno":241,"name":"_call_with_frames_removed"},{"filename":"/opt/airflow/dags/postgre_to_minio.py","lineno":54,"name":"<module>"},{"filename":"/home/airflow/.local/lib/python3.11/site-packages/airflow/sdk/definitions/dag.py","lineno":1136,"name":"factory"},{"filename":"/opt/airflow/dags/postgre_to_minio.py","lineno":45,"name":"postgre_to_minio"}]}]}
{"timestamp":"2026-03-11T16:18:17.070761","level":"info","event":"Filling up the DagBag from /opt/airflow/dags/postgre_to_minio.py","logger":"airflow.models.dagbag.DagBag"}
{"timestamp":"2026-03-11T16:18:17.414159","level":"error","event":"Failed to import: /opt/airflow/dags/postgre_to_minio.py","logger":"airflow.models.dagbag.DagBag","error_detail":[{"exc_type":"TypeError","exc_value":"partial() missing 1 required keyword-only argument: 'task_id'","exc_notes":[],"syntax_error":null,"is_cause":false,"frames":[{"filename":"/home/airflow/.local/lib/python3.11/site-packages/airflow/models/dagbag.py","lineno":382,"name":"parse"},{"filename":"<frozen importlib._bootstrap_external>","lineno":940,"name":"exec_module"},{"filename":"<frozen importlib._bootstrap>","lineno":241,"name":"_call_with_frames_removed"},{"filename":"/opt/airflow/dags/postgre_to_minio.py","lineno":54,"name":"<module>"},{"filename":"/home/airflow/.local/lib/python3.11/site-packages/airflow/sdk/definitions/dag.py","lineno":1136,"name":"factory"},{"filename":"/opt/airflow/dags/postgre_to_minio.py","lineno":45,"name":"postgre_to_minio"}]}]}
{"timestamp":"2026-03-11T16:18:49.269895","level":"info","event":"Filling up the DagBag from /opt/airflow/dags/postgre_to_minio.py","logger":"airflow.models.dagbag.DagBag"}
{"timestamp":"2026-03-11T16:18:49.596622","level":"error","event":"Failed to import: /opt/airflow/dags/postgre_to_minio.py","logger":"airflow.models.dagbag.DagBag","error_detail":[{"exc_type":"TypeError","exc_value":"partial() missing 1 required keyword-only argument: 'task_id'","exc_notes":[],"syntax_error":null,"is_cause":false,"frames":[{"filename":"/home/airflow/.local/lib/python3.11/site-packages/airflow/models/dagbag.py","lineno":382,"name":"parse"},{"filename":"<frozen importlib._bootstrap_external>","lineno":940,"name":"exec_module"},{"filename":"<frozen importlib._bootstrap>","lineno":241,"name":"_call_with_frames_removed"},{"filename":"/opt/airflow/dags/postgre_to_minio.py","lineno":54,"name":"<module>"},{"filename":"/home/airflow/.local/lib/python3.11/site-packages/airflow/sdk/definitions/dag.py","lineno":1136,"name":"factory"},{"filename":"/opt/airflow/dags/postgre_to_minio.py","lineno":45,"name":"postgre_to_minio"}]}]}
{"timestamp":"2026-03-11T16:19:20.533489","level":"info","event":"Filling up the DagBag from /opt/airflow/dags/postgre_to_minio.py","logger":"airflow.models.dagbag.DagBag"}
{"timestamp":"2026-03-11T16:19:20.948858","level":"error","event":"Failed to import: /opt/airflow/dags/postgre_to_minio.py","logger":"airflow.models.dagbag.DagBag","error_detail":[{"exc_type":"TypeError","exc_value":"partial() missing 1 required keyword-only argument: 'task_id'","exc_notes":[],"syntax_error":null,"is_cause":false,"frames":[{"filename":"/home/airflow/.local/lib/python3.11/site-packages/airflow/models/dagbag.py","lineno":382,"name":"parse"},{"filename":"<frozen importlib._bootstrap_external>","lineno":940,"name":"exec_module"},{"filename":"<frozen importlib._bootstrap>","lineno":241,"name":"_call_with_frames_removed"},{"filename":"/opt/airflow/dags/postgre_to_minio.py","lineno":54,"name":"<module>"},{"filename":"/home/airflow/.local/lib/python3.11/site-packages/airflow/sdk/definitions/dag.py","lineno":1136,"name":"factory"},{"filename":"/opt/airflow/dags/postgre_to_minio.py","lineno":45,"name":"postgre_to_minio"}]}]}
{"timestamp":"2026-03-11T16:19:52.203812","level":"info","event":"Filling up the DagBag from /opt/airflow/dags/postgre_to_minio.py","logger":"airflow.models.dagbag.DagBag"}
{"timestamp":"2026-03-11T16:19:53.135723","level":"error","event":"Failed to import: /opt/airflow/dags/postgre_to_minio.py","logger":"airflow.models.dagbag.DagBag","error_detail":[{"exc_type":"TypeError","exc_value":"partial() missing 1 required keyword-only argument: 'task_id'","exc_notes":[],"syntax_error":null,"is_cause":false,"frames":[{"filename":"/home/airflow/.local/lib/python3.11/site-packages/airflow/models/dagbag.py","lineno":382,"name":"parse"},{"filename":"<frozen importlib._bootstrap_external>","lineno":940,"name":"exec_module"},{"filename":"<frozen importlib._bootstrap>","lineno":241,"name":"_call_with_frames_removed"},{"filename":"/opt/airflow/dags/postgre_to_minio.py","lineno":54,"name":"<module>"},{"filename":"/home/airflow/.local/lib/python3.11/site-packages/airflow/sdk/definitions/dag.py","lineno":1136,"name":"factory"},{"filename":"/opt/airflow/dags/postgre_to_minio.py","lineno":45,"name":"postgre_to_minio"}]}]}
{"timestamp":"2026-03-11T16:20:05.578908","level":"info","event":"Filling up the DagBag from /opt/airflow/dags/postgre_to_minio.py","logger":"airflow.models.dagbag.DagBag"}
{"timestamp":"2026-03-11T16:20:37.520386","level":"info","event":"Filling up the DagBag from /opt/airflow/dags/postgre_to_minio.py","logger":"airflow.models.dagbag.DagBag"}
{"timestamp":"2026-03-11T16:21:25.841222","level":"info","event":"Filling up the DagBag from /opt/airflow/dags/postgre_to_minio.py","logger":"airflow.models.dagbag.DagBag"}
{"timestamp":"2026-03-11T16:22:06.518326","level":"info","event":"Filling up the DagBag from /opt/airflow/dags/postgre_to_minio.py","logger":"airflow.models.dagbag.DagBag"}
{"timestamp":"2026-03-11T16:22:38.139301","level":"info","event":"Filling up the DagBag from /opt/airflow/dags/postgre_to_minio.py","logger":"airflow.models.dagbag.DagBag"}
{"timestamp":"2026-03-11T16:23:10.365596","level":"info","event":"Filling up the DagBag from /opt/airflow/dags/postgre_to_minio.py","logger":"airflow.models.dagbag.DagBag"}
{"timestamp":"2026-03-11T16:23:42.841321","level":"info","event":"Filling up the DagBag from /opt/airflow/dags/postgre_to_minio.py","logger":"airflow.models.dagbag.DagBag"}
{"timestamp":"2026-03-11T16:24:13.517393","level":"info","event":"Filling up the DagBag from /opt/airflow/dags/postgre_to_minio.py","logger":"airflow.models.dagbag.DagBag"}
{"timestamp":"2026-03-11T16:24:45.629940","level":"info","event":"Filling up the DagBag from /opt/airflow/dags/postgre_to_minio.py","logger":"airflow.models.dagbag.DagBag"}
{"timestamp":"2026-03-11T16:25:17.905075","level":"info","event":"Filling up the DagBag from /opt/airflow/dags/postgre_to_minio.py","logger":"airflow.models.dagbag.DagBag"}
{"timestamp":"2026-03-11T16:25:48.880854","level":"info","event":"Filling up the DagBag from /opt/airflow/dags/postgre_to_minio.py","logger":"airflow.models.dagbag.DagBag"}
{"timestamp":"2026-03-11T16:26:21.292070","level":"info","event":"Filling up the DagBag from /opt/airflow/dags/postgre_to_minio.py","logger":"airflow.models.dagbag.DagBag"}
{"timestamp":"2026-03-11T16:26:53.600401","level":"info","event":"Filling up the DagBag from /opt/airflow/dags/postgre_to_minio.py","logger":"airflow.models.dagbag.DagBag"}
{"timestamp":"2026-03-11T16:27:24.753952","level":"info","event":"Filling up the DagBag from /opt/airflow/dags/postgre_to_minio.py","logger":"airflow.models.dagbag.DagBag"}
{"timestamp":"2026-03-11T16:27:56.378804","level":"info","event":"Filling up the DagBag from /opt/airflow/dags/postgre_to_minio.py","logger":"airflow.models.dagbag.DagBag"}
{"timestamp":"2026-03-11T16:27:59.701445","level":"info","event":"Filling up the DagBag from /opt/airflow/dags/postgre_to_minio.py","logger":"airflow.models.dagbag.DagBag"}
{"timestamp":"2026-03-11T16:28:43.022953","level":"info","event":"Filling up the DagBag from /opt/airflow/dags/postgre_to_minio.py","logger":"airflow.models.dagbag.DagBag"}
{"timestamp":"2026-03-11T16:29:17.206789","level":"error","event":"Process timed out, PID: 165","logger":"airflow.utils.timeout.TimeoutPosix"}
{"timestamp":"2026-03-11T16:29:17.224675Z","level":"error","event":"Exception ignored in: <function _collection_gced at 0x76b698b207c0>","chan":"stderr","logger":"processor"}
{"timestamp":"2026-03-11T16:29:17.234586Z","level":"error","event":"Traceback (most recent call last):","chan":"stderr","logger":"processor"}
{"timestamp":"2026-03-11T16:29:17.238513Z","level":"error","event":"  File \"/home/airflow/.local/lib/python3.11/site-packages/sqlalchemy/event/registry.py\", line 53, in _collection_gced","chan":"stderr","logger":"processor"}
{"timestamp":"2026-03-11T16:29:17.288693Z","level":"error","event":"    def _collection_gced(ref):","chan":"stderr","logger":"processor"}
{"timestamp":"2026-03-11T16:29:17.289405Z","level":"error","event":"","chan":"stderr","logger":"processor"}
{"timestamp":"2026-03-11T16:29:17.298231Z","level":"error","event":"  File \"/home/airflow/.local/lib/python3.11/site-packages/airflow/utils/timeout.py\", line 69, in handle_timeout","chan":"stderr","logger":"processor"}
{"timestamp":"2026-03-11T16:29:17.303079Z","level":"error","event":"    raise AirflowTaskTimeout(self.error_message)","chan":"stderr","logger":"processor"}
{"timestamp":"2026-03-11T16:29:17.313558Z","level":"error","event":"airflow.exceptions.AirflowTaskTimeout: DagBag import timeout for /opt/airflow/dags/postgre_to_minio.py after 30.0s.","chan":"stderr","logger":"processor"}
{"timestamp":"2026-03-11T16:29:17.315528Z","level":"error","event":"Please take a look at these docs to improve your DAG import time:","chan":"stderr","logger":"processor"}
{"timestamp":"2026-03-11T16:29:17.317103Z","level":"error","event":"* https://airflow.apache.org/docs/apache-airflow/3.0.1/best-practices.html#top-level-python-code","chan":"stderr","logger":"processor"}
{"timestamp":"2026-03-11T16:29:17.318815Z","level":"error","event":"* https://airflow.apache.org/docs/apache-airflow/3.0.1/best-practices.html#reducing-dag-complexity, PID: 165","chan":"stderr","logger":"processor"}
{"timestamp":"2026-03-11T16:29:51.299870","level":"info","event":"Filling up the DagBag from /opt/airflow/dags/postgre_to_minio.py","logger":"airflow.models.dagbag.DagBag"}
{"timestamp":"2026-03-11T16:30:23.645516","level":"info","event":"Filling up the DagBag from /opt/airflow/dags/postgre_to_minio.py","logger":"airflow.models.dagbag.DagBag"}
{"timestamp":"2026-03-11T16:30:54.673902","level":"info","event":"Filling up the DagBag from /opt/airflow/dags/postgre_to_minio.py","logger":"airflow.models.dagbag.DagBag"}
{"timestamp":"2026-03-11T16:31:25.776583","level":"info","event":"Filling up the DagBag from /opt/airflow/dags/postgre_to_minio.py","logger":"airflow.models.dagbag.DagBag"}
{"timestamp":"2026-03-11T16:31:57.296887","level":"info","event":"Filling up the DagBag from /opt/airflow/dags/postgre_to_minio.py","logger":"airflow.models.dagbag.DagBag"}
{"timestamp":"2026-03-11T16:32:29.042587","level":"info","event":"Filling up the DagBag from /opt/airflow/dags/postgre_to_minio.py","logger":"airflow.models.dagbag.DagBag"}
{"timestamp":"2026-03-11T16:33:00.090168","level":"info","event":"Filling up the DagBag from /opt/airflow/dags/postgre_to_minio.py","logger":"airflow.models.dagbag.DagBag"}
{"timestamp":"2026-03-11T16:33:30.825408","level":"info","event":"Filling up the DagBag from /opt/airflow/dags/postgre_to_minio.py","logger":"airflow.models.dagbag.DagBag"}
{"timestamp":"2026-03-11T16:34:01.915691","level":"info","event":"Filling up the DagBag from /opt/airflow/dags/postgre_to_minio.py","logger":"airflow.models.dagbag.DagBag"}
{"timestamp":"2026-03-11T16:34:32.607417","level":"info","event":"Filling up the DagBag from /opt/airflow/dags/postgre_to_minio.py","logger":"airflow.models.dagbag.DagBag"}
{"timestamp":"2026-03-11T16:35:03.836437","level":"info","event":"Filling up the DagBag from /opt/airflow/dags/postgre_to_minio.py","logger":"airflow.models.dagbag.DagBag"}
{"timestamp":"2026-03-11T16:35:35.179431","level":"info","event":"Filling up the DagBag from /opt/airflow/dags/postgre_to_minio.py","logger":"airflow.models.dagbag.DagBag"}
{"timestamp":"2026-03-11T16:36:06.333124","level":"info","event":"Filling up the DagBag from /opt/airflow/dags/postgre_to_minio.py","logger":"airflow.models.dagbag.DagBag"}
{"timestamp":"2026-03-11T16:36:37.103206","level":"info","event":"Filling up the DagBag from /opt/airflow/dags/postgre_to_minio.py","logger":"airflow.models.dagbag.DagBag"}
{"timestamp":"2026-03-11T16:37:07.918036","level":"info","event":"Filling up the DagBag from /opt/airflow/dags/postgre_to_minio.py","logger":"airflow.models.dagbag.DagBag"}
{"timestamp":"2026-03-11T16:37:38.827339","level":"info","event":"Filling up the DagBag from /opt/airflow/dags/postgre_to_minio.py","logger":"airflow.models.dagbag.DagBag"}
{"timestamp":"2026-03-11T16:38:10.187749","level":"info","event":"Filling up the DagBag from /opt/airflow/dags/postgre_to_minio.py","logger":"airflow.models.dagbag.DagBag"}
{"timestamp":"2026-03-11T16:38:40.965506","level":"info","event":"Filling up the DagBag from /opt/airflow/dags/postgre_to_minio.py","logger":"airflow.models.dagbag.DagBag"}
{"timestamp":"2026-03-11T16:39:12.303135","level":"info","event":"Filling up the DagBag from /opt/airflow/dags/postgre_to_minio.py","logger":"airflow.models.dagbag.DagBag"}
{"timestamp":"2026-03-11T16:39:47.522725","level":"info","event":"Filling up the DagBag from /opt/airflow/dags/postgre_to_minio.py","logger":"airflow.models.dagbag.DagBag"}
{"timestamp":"2026-03-11T16:40:19.677765","level":"info","event":"Filling up the DagBag from /opt/airflow/dags/postgre_to_minio.py","logger":"airflow.models.dagbag.DagBag"}
{"timestamp":"2026-03-11T16:40:50.754793","level":"info","event":"Filling up the DagBag from /opt/airflow/dags/postgre_to_minio.py","logger":"airflow.models.dagbag.DagBag"}
{"timestamp":"2026-03-11T16:41:21.497413","level":"info","event":"Filling up the DagBag from /opt/airflow/dags/postgre_to_minio.py","logger":"airflow.models.dagbag.DagBag"}
{"timestamp":"2026-03-11T16:41:52.444489","level":"info","event":"Filling up the DagBag from /opt/airflow/dags/postgre_to_minio.py","logger":"airflow.models.dagbag.DagBag"}
{"timestamp":"2026-03-11T16:42:23.503904","level":"info","event":"Filling up the DagBag from /opt/airflow/dags/postgre_to_minio.py","logger":"airflow.models.dagbag.DagBag"}
{"timestamp":"2026-03-11T16:42:54.583676","level":"info","event":"Filling up the DagBag from /opt/airflow/dags/postgre_to_minio.py","logger":"airflow.models.dagbag.DagBag"}
{"timestamp":"2026-03-11T16:43:26.144976","level":"info","event":"Filling up the DagBag from /opt/airflow/dags/postgre_to_minio.py","logger":"airflow.models.dagbag.DagBag"}
{"timestamp":"2026-03-11T16:43:57.255820","level":"info","event":"Filling up the DagBag from /opt/airflow/dags/postgre_to_minio.py","logger":"airflow.models.dagbag.DagBag"}
{"timestamp":"2026-03-11T16:44:28.435735","level":"info","event":"Filling up the DagBag from /opt/airflow/dags/postgre_to_minio.py","logger":"airflow.models.dagbag.DagBag"}
{"timestamp":"2026-03-11T16:44:59.940392","level":"info","event":"Filling up the DagBag from /opt/airflow/dags/postgre_to_minio.py","logger":"airflow.models.dagbag.DagBag"}
{"timestamp":"2026-03-11T16:45:31.212247","level":"info","event":"Filling up the DagBag from /opt/airflow/dags/postgre_to_minio.py","logger":"airflow.models.dagbag.DagBag"}
{"timestamp":"2026-03-11T16:46:01.990533","level":"info","event":"Filling up the DagBag from /opt/airflow/dags/postgre_to_minio.py","logger":"airflow.models.dagbag.DagBag"}
{"timestamp":"2026-03-11T16:46:32.815188","level":"info","event":"Filling up the DagBag from /opt/airflow/dags/postgre_to_minio.py","logger":"airflow.models.dagbag.DagBag"}
{"timestamp":"2026-03-11T16:47:03.563005","level":"info","event":"Filling up the DagBag from /opt/airflow/dags/postgre_to_minio.py","logger":"airflow.models.dagbag.DagBag"}
{"timestamp":"2026-03-11T16:47:34.664354","level":"info","event":"Filling up the DagBag from /opt/airflow/dags/postgre_to_minio.py","logger":"airflow.models.dagbag.DagBag"}
{"timestamp":"2026-03-11T16:48:05.965918","level":"info","event":"Filling up the DagBag from /opt/airflow/dags/postgre_to_minio.py","logger":"airflow.models.dagbag.DagBag"}
{"timestamp":"2026-03-11T16:48:36.626525","level":"info","event":"Filling up the DagBag from /opt/airflow/dags/postgre_to_minio.py","logger":"airflow.models.dagbag.DagBag"}
{"timestamp":"2026-03-11T16:49:07.631995","level":"info","event":"Filling up the DagBag from /opt/airflow/dags/postgre_to_minio.py","logger":"airflow.models.dagbag.DagBag"}
{"timestamp":"2026-03-11T16:49:39.220324","level":"info","event":"Filling up the DagBag from /opt/airflow/dags/postgre_to_minio.py","logger":"airflow.models.dagbag.DagBag"}
{"timestamp":"2026-03-11T16:50:10.293008","level":"info","event":"Filling up the DagBag from /opt/airflow/dags/postgre_to_minio.py","logger":"airflow.models.dagbag.DagBag"}
{"timestamp":"2026-03-11T16:50:41.531674","level":"info","event":"Filling up the DagBag from /opt/airflow/dags/postgre_to_minio.py","logger":"airflow.models.dagbag.DagBag"}
{"timestamp":"2026-03-11T16:51:12.440970","level":"info","event":"Filling up the DagBag from /opt/airflow/dags/postgre_to_minio.py","logger":"airflow.models.dagbag.DagBag"}
{"timestamp":"2026-03-11T16:51:43.335728","level":"info","event":"Filling up the DagBag from /opt/airflow/dags/postgre_to_minio.py","logger":"airflow.models.dagbag.DagBag"}
{"timestamp":"2026-03-11T16:52:15.527827","level":"info","event":"Filling up the DagBag from /opt/airflow/dags/postgre_to_minio.py","logger":"airflow.models.dagbag.DagBag"}
{"timestamp":"2026-03-11T16:52:46.417382","level":"info","event":"Filling up the DagBag from /opt/airflow/dags/postgre_to_minio.py","logger":"airflow.models.dagbag.DagBag"}
{"timestamp":"2026-03-11T16:53:18.162556","level":"info","event":"Filling up the DagBag from /opt/airflow/dags/postgre_to_minio.py","logger":"airflow.models.dagbag.DagBag"}
{"timestamp":"2026-03-11T16:53:49.957840","level":"info","event":"Filling up the DagBag from /opt/airflow/dags/postgre_to_minio.py","logger":"airflow.models.dagbag.DagBag"}
{"timestamp":"2026-03-11T16:54:23.274021","level":"info","event":"Filling up the DagBag from /opt/airflow/dags/postgre_to_minio.py","logger":"airflow.models.dagbag.DagBag"}
{"timestamp":"2026-03-11T16:54:56.085155","level":"info","event":"Filling up the DagBag from /opt/airflow/dags/postgre_to_minio.py","logger":"airflow.models.dagbag.DagBag"}
{"timestamp":"2026-03-11T16:55:27.119396","level":"info","event":"Filling up the DagBag from /opt/airflow/dags/postgre_to_minio.py","logger":"airflow.models.dagbag.DagBag"}
{"timestamp":"2026-03-11T16:55:58.662028","level":"info","event":"Filling up the DagBag from /opt/airflow/dags/postgre_to_minio.py","logger":"airflow.models.dagbag.DagBag"}
{"timestamp":"2026-03-11T16:56:29.836945","level":"info","event":"Filling up the DagBag from /opt/airflow/dags/postgre_to_minio.py","logger":"airflow.models.dagbag.DagBag"}
{"timestamp":"2026-03-11T16:57:00.952154","level":"info","event":"Filling up the DagBag from /opt/airflow/dags/postgre_to_minio.py","logger":"airflow.models.dagbag.DagBag"}
{"timestamp":"2026-03-11T16:57:32.412580","level":"info","event":"Filling up the DagBag from /opt/airflow/dags/postgre_to_minio.py","logger":"airflow.models.dagbag.DagBag"}
{"timestamp":"2026-03-11T16:58:03.429711","level":"info","event":"Filling up the DagBag from /opt/airflow/dags/postgre_to_minio.py","logger":"airflow.models.dagbag.DagBag"}
{"timestamp":"2026-03-11T16:58:34.618909","level":"info","event":"Filling up the DagBag from /opt/airflow/dags/postgre_to_minio.py","logger":"airflow.models.dagbag.DagBag"}
{"timestamp":"2026-03-11T16:59:05.457730","level":"info","event":"Filling up the DagBag from /opt/airflow/dags/postgre_to_minio.py","logger":"airflow.models.dagbag.DagBag"}
{"timestamp":"2026-03-11T16:59:36.441393","level":"info","event":"Filling up the DagBag from /opt/airflow/dags/postgre_to_minio.py","logger":"airflow.models.dagbag.DagBag"}
{"timestamp":"2026-03-11T17:00:07.397582","level":"info","event":"Filling up the DagBag from /opt/airflow/dags/postgre_to_minio.py","logger":"airflow.models.dagbag.DagBag"}
{"timestamp":"2026-03-11T17:00:38.419684","level":"info","event":"Filling up the DagBag from /opt/airflow/dags/postgre_to_minio.py","logger":"airflow.models.dagbag.DagBag"}
{"timestamp":"2026-03-11T17:01:09.428091","level":"info","event":"Filling up the DagBag from /opt/airflow/dags/postgre_to_minio.py","logger":"airflow.models.dagbag.DagBag"}
{"timestamp":"2026-03-11T17:01:40.486040","level":"info","event":"Filling up the DagBag from /opt/airflow/dags/postgre_to_minio.py","logger":"airflow.models.dagbag.DagBag"}
{"timestamp":"2026-03-11T17:02:11.614945","level":"info","event":"Filling up the DagBag from /opt/airflow/dags/postgre_to_minio.py","logger":"airflow.models.dagbag.DagBag"}
{"timestamp":"2026-03-11T17:02:42.416362","level":"info","event":"Filling up the DagBag from /opt/airflow/dags/postgre_to_minio.py","logger":"airflow.models.dagbag.DagBag"}
{"timestamp":"2026-03-11T17:03:14.020077","level":"info","event":"Filling up the DagBag from /opt/airflow/dags/postgre_to_minio.py","logger":"airflow.models.dagbag.DagBag"}
{"timestamp":"2026-03-11T17:03:45.288416","level":"info","event":"Filling up the DagBag from /opt/airflow/dags/postgre_to_minio.py","logger":"airflow.models.dagbag.DagBag"}
{"timestamp":"2026-03-11T17:04:16.792403","level":"info","event":"Filling up the DagBag from /opt/airflow/dags/postgre_to_minio.py","logger":"airflow.models.dagbag.DagBag"}
{"timestamp":"2026-03-11T17:04:47.695090","level":"info","event":"Filling up the DagBag from /opt/airflow/dags/postgre_to_minio.py","logger":"airflow.models.dagbag.DagBag"}
{"timestamp":"2026-03-11T17:05:18.789748","level":"info","event":"Filling up the DagBag from /opt/airflow/dags/postgre_to_minio.py","logger":"airflow.models.dagbag.DagBag"}
{"timestamp":"2026-03-11T17:05:49.621021","level":"info","event":"Filling up the DagBag from /opt/airflow/dags/postgre_to_minio.py","logger":"airflow.models.dagbag.DagBag"}
{"timestamp":"2026-03-11T17:06:20.315881","level":"info","event":"Filling up the DagBag from /opt/airflow/dags/postgre_to_minio.py","logger":"airflow.models.dagbag.DagBag"}
{"timestamp":"2026-03-11T17:06:51.302607","level":"info","event":"Filling up the DagBag from /opt/airflow/dags/postgre_to_minio.py","logger":"airflow.models.dagbag.DagBag"}
{"timestamp":"2026-03-11T17:07:22.453636","level":"info","event":"Filling up the DagBag from /opt/airflow/dags/postgre_to_minio.py","logger":"airflow.models.dagbag.DagBag"}
{"timestamp":"2026-03-11T17:11:03.101100","level":"info","event":"Filling up the DagBag from /opt/airflow/dags/postgre_to_minio.py","logger":"airflow.models.dagbag.DagBag"}
{"timestamp":"2026-03-11T17:11:38.148714","level":"info","event":"Filling up the DagBag from /opt/airflow/dags/postgre_to_minio.py","logger":"airflow.models.dagbag.DagBag"}
{"timestamp":"2026-03-11T17:12:10.746175","level":"info","event":"Filling up the DagBag from /opt/airflow/dags/postgre_to_minio.py","logger":"airflow.models.dagbag.DagBag"}
{"timestamp":"2026-03-11T17:12:44.755690","level":"info","event":"Filling up the DagBag from /opt/airflow/dags/postgre_to_minio.py","logger":"airflow.models.dagbag.DagBag"}
{"timestamp":"2026-03-11T17:13:15.661466","level":"info","event":"Filling up the DagBag from /opt/airflow/dags/postgre_to_minio.py","logger":"airflow.models.dagbag.DagBag"}
{"timestamp":"2026-03-11T17:13:46.528615","level":"info","event":"Filling up the DagBag from /opt/airflow/dags/postgre_to_minio.py","logger":"airflow.models.dagbag.DagBag"}
{"timestamp":"2026-03-11T17:14:18.109403","level":"info","event":"Filling up the DagBag from /opt/airflow/dags/postgre_to_minio.py","logger":"airflow.models.dagbag.DagBag"}
{"timestamp":"2026-03-11T17:14:48.706891","level":"info","event":"Filling up the DagBag from /opt/airflow/dags/postgre_to_minio.py","logger":"airflow.models.dagbag.DagBag"}
