[0m16:16:34.379356 [debug] [MainThread]: Sending event: {'category': 'dbt', 'action': 'invocation', 'label': 'start', 'context': [<snowplow_tracker.self_describing_json.SelfDescribingJson object at 0x0000017A25D47EC0>, <snowplow_tracker.self_describing_json.SelfDescribingJson object at 0x0000017A28C421E0>, <snowplow_tracker.self_describing_json.SelfDescribingJson object at 0x0000017A28C42240>]}


============================== 16:16:34.394784 | d55f1445-33ad-4922-b9b1-dd01ea1040fc ==============================
[0m16:16:34.394784 [info ] [MainThread]: Running with dbt=1.11.7
[0m16:16:34.398807 [debug] [MainThread]: running dbt with arguments {'version_check': 'True', 'no_print': 'None', 'static_parser': 'True', 'warn_error_options': 'WarnErrorOptionsV2(error=[], warn=[], silence=[])', 'target_path': 'None', 'printer_width': '80', 'write_json': 'True', 'introspect': 'True', 'log_cache_events': 'False', 'empty': 'None', 'cache_selected_only': 'False', 'fail_fast': 'False', 'debug': 'False', 'log_format': 'default', 'profiles_dir': 'C:\\Users\\Bilal\\.dbt', 'send_anonymous_usage_stats': 'True', 'quiet': 'False', 'warn_error': 'None', 'partial_parse': 'True', 'use_colors': 'True', 'invocation_command': 'dbt init air_quality', 'indirect_selection': 'eager', 'use_experimental_parser': 'False', 'log_path': 'logs'}
[0m16:16:34.453453 [debug] [MainThread]: Starter project path: C:\Users\Bilal\Desktop\Github Repository\Air-Quality-Data-Platform\dbt-env\Lib\site-packages\dbt\include\starter_project
[0m16:16:34.517870 [info ] [MainThread]: 
Your new dbt project "air_quality" was created!

For more information on how to configure the profiles.yml file,
please consult the dbt documentation here:

  https://docs.getdbt.com/docs/configure-your-profile

One more thing:

Need help? Don't hesitate to reach out to us via GitHub issues or on Slack:

  https://community.getdbt.com/

Happy modeling!

[0m16:16:34.533624 [info ] [MainThread]: Setting up your profile.
[0m16:23:13.276763 [info ] [MainThread]: Profile air_quality written to C:\Users\Bilal\.dbt\profiles.yml using target's profile_template.yml and your supplied values. Run 'dbt debug' to validate the connection.
[0m16:23:13.284782 [debug] [MainThread]: Command `dbt init` succeeded at 16:23:13.284782 after 400.36 seconds
[0m16:23:13.295466 [debug] [MainThread]: Sending event: {'category': 'dbt', 'action': 'invocation', 'label': 'end', 'context': [<snowplow_tracker.self_describing_json.SelfDescribingJson object at 0x0000017A293176E0>, <snowplow_tracker.self_describing_json.SelfDescribingJson object at 0x0000017A29317EF0>, <snowplow_tracker.self_describing_json.SelfDescribingJson object at 0x0000017A2AEBDD30>]}
[0m16:23:13.298115 [debug] [MainThread]: Flushing usage events
[0m16:23:15.398656 [debug] [MainThread]: An error was encountered while trying to flush usage events
[0m16:51:08.897603 [debug] [MainThread]: Sending event: {'category': 'dbt', 'action': 'invocation', 'label': 'start', 'context': [<snowplow_tracker.self_describing_json.SelfDescribingJson object at 0x00000236E9D8DBB0>, <snowplow_tracker.self_describing_json.SelfDescribingJson object at 0x00000236E9D8E330>, <snowplow_tracker.self_describing_json.SelfDescribingJson object at 0x00000236E888A780>]}


============================== 16:51:08.910771 | 30289ed0-1f1e-4907-879a-4603b4a2f047 ==============================
[0m16:51:08.910771 [info ] [MainThread]: Running with dbt=1.11.7
[0m16:51:08.917393 [debug] [MainThread]: running dbt with arguments {'version_check': 'True', 'no_print': 'None', 'static_parser': 'True', 'warn_error_options': 'WarnErrorOptionsV2(error=[], warn=[], silence=[])', 'target_path': 'None', 'printer_width': '80', 'write_json': 'True', 'introspect': 'True', 'log_cache_events': 'False', 'empty': 'None', 'cache_selected_only': 'False', 'log_format': 'default', 'debug': 'False', 'fail_fast': 'False', 'profiles_dir': 'C:\\Users\\Bilal\\.dbt', 'send_anonymous_usage_stats': 'True', 'quiet': 'False', 'warn_error': 'None', 'partial_parse': 'True', 'indirect_selection': 'eager', 'invocation_command': 'dbt debug', 'use_colors': 'True', 'use_experimental_parser': 'False', 'log_path': 'logs'}
[0m16:51:08.969950 [info ] [MainThread]: dbt version: 1.11.7
[0m16:51:08.970961 [info ] [MainThread]: python version: 3.12.4
[0m16:51:08.971961 [info ] [MainThread]: python path: C:\Users\Bilal\Desktop\Github Repository\Air-Quality-Data-Platform\dbt-env\Scripts\python.exe
[0m16:51:08.972965 [info ] [MainThread]: os info: Windows-11-10.0.26100-SP0
[0m16:51:09.272211 [info ] [MainThread]: Using profiles dir at C:\Users\Bilal\.dbt
[0m16:51:09.273893 [info ] [MainThread]: Using profiles.yml file at C:\Users\Bilal\.dbt\profiles.yml
[0m16:51:09.275115 [info ] [MainThread]: Using dbt_project.yml file at C:\Users\Bilal\Desktop\Github Repository\Air-Quality-Data-Platform\dbt_project.yml
[0m16:51:09.277983 [error] [MainThread]: Encountered an error:
Internal Error
  Profile should not be None if loading profile completed
[0m16:51:09.280831 [debug] [MainThread]: Command `dbt debug` failed at 16:51:09.280831 after 0.74 seconds
[0m16:51:09.282693 [debug] [MainThread]: Sending event: {'category': 'dbt', 'action': 'invocation', 'label': 'end', 'context': [<snowplow_tracker.self_describing_json.SelfDescribingJson object at 0x00000236E9478380>, <snowplow_tracker.self_describing_json.SelfDescribingJson object at 0x00000236E9ED6F30>, <snowplow_tracker.self_describing_json.SelfDescribingJson object at 0x00000236E9937500>]}
[0m16:51:09.284085 [debug] [MainThread]: Flushing usage events
[0m16:51:11.312910 [debug] [MainThread]: An error was encountered while trying to flush usage events
[0m18:38:04.661041 [debug] [MainThread]: Sending event: {'category': 'dbt', 'action': 'invocation', 'label': 'start', 'context': [<snowplow_tracker.self_describing_json.SelfDescribingJson object at 0x0000020427663B00>, <snowplow_tracker.self_describing_json.SelfDescribingJson object at 0x0000020424BA7FE0>, <snowplow_tracker.self_describing_json.SelfDescribingJson object at 0x000002042876BF50>]}


============================== 18:38:04.701116 | ffe7f22c-af08-4eaf-8faa-2a0eb2551b45 ==============================
[0m18:38:04.701116 [info ] [MainThread]: Running with dbt=1.11.7
[0m18:38:04.704978 [debug] [MainThread]: running dbt with arguments {'static_parser': 'True', 'no_print': 'None', 'version_check': 'True', 'warn_error_options': 'WarnErrorOptionsV2(error=[], warn=[], silence=[])', 'target_path': 'None', 'printer_width': '80', 'write_json': 'True', 'introspect': 'True', 'log_cache_events': 'False', 'empty': 'None', 'cache_selected_only': 'False', 'log_format': 'default', 'debug': 'False', 'fail_fast': 'False', 'profiles_dir': 'C:\\Users\\Bilal\\.dbt', 'send_anonymous_usage_stats': 'True', 'quiet': 'False', 'warn_error': 'None', 'partial_parse': 'True', 'indirect_selection': 'eager', 'invocation_command': 'dbt debug', 'use_colors': 'True', 'use_experimental_parser': 'False', 'log_path': 'logs'}
[0m18:38:04.792615 [info ] [MainThread]: dbt version: 1.11.7
[0m18:38:04.793615 [info ] [MainThread]: python version: 3.12.4
[0m18:38:04.796215 [info ] [MainThread]: python path: C:\Users\Bilal\Desktop\Github Repository\Air-Quality-Data-Platform\dbt-env\Scripts\python.exe
[0m18:38:04.797223 [info ] [MainThread]: os info: Windows-11-10.0.26100-SP0
[0m18:38:05.445892 [info ] [MainThread]: Using profiles dir at C:\Users\Bilal\.dbt
[0m18:38:05.447012 [info ] [MainThread]: Using profiles.yml file at C:\Users\Bilal\.dbt\profiles.yml
[0m18:38:05.448142 [info ] [MainThread]: Using dbt_project.yml file at C:\Users\Bilal\Desktop\Github Repository\Air-Quality-Data-Platform\dbt_project.yml
[0m18:38:05.449868 [error] [MainThread]: Encountered an error:
Internal Error
  Profile should not be None if loading profile completed
[0m18:38:05.452592 [debug] [MainThread]: Command `dbt debug` failed at 18:38:05.451999 after 1.10 seconds
[0m18:38:05.453731 [debug] [MainThread]: Sending event: {'category': 'dbt', 'action': 'invocation', 'label': 'end', 'context': [<snowplow_tracker.self_describing_json.SelfDescribingJson object at 0x0000020428434D40>, <snowplow_tracker.self_describing_json.SelfDescribingJson object at 0x00000204275B0A70>, <snowplow_tracker.self_describing_json.SelfDescribingJson object at 0x0000020429A97500>]}
[0m18:38:05.454815 [debug] [MainThread]: Flushing usage events
[0m18:38:06.874169 [debug] [MainThread]: An error was encountered while trying to flush usage events
[0m15:58:22.112892 [debug] [MainThread]: Sending event: {'category': 'dbt', 'action': 'invocation', 'label': 'start', 'context': [<snowplow_tracker.self_describing_json.SelfDescribingJson object at 0x0000020CB1957F20>, <snowplow_tracker.self_describing_json.SelfDescribingJson object at 0x0000020CB1912450>, <snowplow_tracker.self_describing_json.SelfDescribingJson object at 0x0000020CB28C1730>]}


============================== 15:58:22.130140 | dcb62106-95e1-4c6b-a3ee-91f07e544b01 ==============================
[0m15:58:22.130140 [info ] [MainThread]: Running with dbt=1.11.7
[0m15:58:22.133856 [debug] [MainThread]: running dbt with arguments {'version_check': 'True', 'no_print': 'None', 'static_parser': 'True', 'warn_error_options': 'WarnErrorOptionsV2(error=[], warn=[], silence=[])', 'target_path': 'None', 'printer_width': '80', 'write_json': 'True', 'introspect': 'True', 'log_cache_events': 'False', 'empty': 'False', 'cache_selected_only': 'False', 'log_format': 'default', 'debug': 'False', 'fail_fast': 'False', 'partial_parse': 'True', 'send_anonymous_usage_stats': 'True', 'quiet': 'False', 'warn_error': 'None', 'profiles_dir': 'C:\\Users\\Bilal\\.dbt', 'use_colors': 'True', 'invocation_command': 'dbt run --select int_aria__media_giornaliera_cor', 'indirect_selection': 'eager', 'use_experimental_parser': 'False', 'log_path': 'logs'}
[0m15:58:22.133856 [error] [MainThread]: Encountered an error:
Runtime Error
  No dbt_project.yml found at expected path C:\Users\Bilal\Desktop\Github Repository\Air-Quality-Data-Platform\dbt_project.yml
  Verify that each entry within packages.yml (and their transitive dependencies) contains a file named dbt_project.yml
  
[0m15:58:22.133856 [debug] [MainThread]: Command `dbt run` failed at 15:58:22.133856 after 0.29 seconds
[0m15:58:22.133856 [debug] [MainThread]: Sending event: {'category': 'dbt', 'action': 'invocation', 'label': 'end', 'context': [<snowplow_tracker.self_describing_json.SelfDescribingJson object at 0x0000020CB187C860>, <snowplow_tracker.self_describing_json.SelfDescribingJson object at 0x0000020CB5432BA0>, <snowplow_tracker.self_describing_json.SelfDescribingJson object at 0x0000020CB4B6D2B0>]}
[0m15:58:22.138064 [debug] [MainThread]: Flushing usage events
[0m15:58:22.144024 [debug] [MainThread]: An error was encountered while trying to flush usage events
[0m16:44:31.894540 [debug] [MainThread]: Sending event: {'category': 'dbt', 'action': 'invocation', 'label': 'start', 'context': [<snowplow_tracker.self_describing_json.SelfDescribingJson object at 0x000002AEA61A5970>, <snowplow_tracker.self_describing_json.SelfDescribingJson object at 0x000002AEA39AF7D0>, <snowplow_tracker.self_describing_json.SelfDescribingJson object at 0x000002AEA2608AA0>]}


============================== 16:44:31.916646 | 15311bb8-dbbc-48b8-a78a-4f7e28f29824 ==============================
[0m16:44:31.916646 [info ] [MainThread]: Running with dbt=1.11.7
[0m16:44:31.919838 [debug] [MainThread]: running dbt with arguments {'version_check': 'True', 'no_print': 'None', 'static_parser': 'True', 'target_path': 'None', 'warn_error_options': 'WarnErrorOptionsV2(error=[], warn=[], silence=[])', 'printer_width': '80', 'write_json': 'True', 'empty': 'False', 'log_cache_events': 'False', 'introspect': 'True', 'cache_selected_only': 'False', 'fail_fast': 'False', 'debug': 'False', 'log_format': 'default', 'profiles_dir': 'C:\\Users\\Bilal\\.dbt', 'send_anonymous_usage_stats': 'True', 'quiet': 'False', 'warn_error': 'None', 'partial_parse': 'True', 'indirect_selection': 'eager', 'invocation_command': 'dbt run --select int_aria__media_giornaliera_cor', 'use_colors': 'True', 'use_experimental_parser': 'False', 'log_path': 'logs'}
[0m16:44:31.923931 [error] [MainThread]: Encountered an error:
Runtime Error
  No dbt_project.yml found at expected path C:\Users\Bilal\Desktop\Github Repository\Air-Quality-Data-Platform\dbt_project.yml
  Verify that each entry within packages.yml (and their transitive dependencies) contains a file named dbt_project.yml
  
[0m16:44:31.925942 [debug] [MainThread]: Command `dbt run` failed at 16:44:31.925942 after 1.03 seconds
[0m16:44:31.928634 [debug] [MainThread]: Sending event: {'category': 'dbt', 'action': 'invocation', 'label': 'end', 'context': [<snowplow_tracker.self_describing_json.SelfDescribingJson object at 0x000002AEA5675700>, <snowplow_tracker.self_describing_json.SelfDescribingJson object at 0x000002AEA60B45C0>, <snowplow_tracker.self_describing_json.SelfDescribingJson object at 0x000002AEA5FF2CC0>]}
[0m16:44:31.930646 [debug] [MainThread]: Flushing usage events
[0m16:44:34.269562 [debug] [MainThread]: An error was encountered while trying to flush usage events
